<?xml version="1.0" encoding="UTF-8"?>
<!-- Generated by org.testng.reporters.JUnitReportReporter -->
<testsuite hostname="DESKTOP-1FMBST9" failures="0" tests="1" name="pomClass.Different_Type" time="12.052" errors="0" timestamp="2022-05-22T18:17:05 IST" skipped="0">
  <testcase classname="pomClass.Different_Type" name="login" time="12.052"/>
  <system-out/>
</testsuite> <!-- pomClass.Different_Type -->
