<?xml version="1.0" encoding="UTF-8"?>
<!-- Generated by org.testng.reporters.JUnitReportReporter -->
<testsuite hostname="DESKTOP-1FMBST9" failures="0" tests="5" name="TestCase.Case" time="0.012" errors="0" timestamp="2022-05-17T21:14:33 IST" skipped="0">
  <testcase classname="TestCase.Case" name="startTheCar" time="0.008"/>
  <system-out/>
  <testcase classname="TestCase.Case" name="firstGear" time="0.001"/>
  <system-out/>
  <testcase classname="TestCase.Case" name="secondGear" time="0.001"/>
  <system-out/>
  <testcase classname="TestCase.Case" name="fourthGear" time="0.001"/>
  <system-out/>
  <testcase classname="TestCase.Case" name="thirdGear" time="0.001"/>
  <system-out/>
</testsuite> <!-- TestCase.Case -->
