<?xml version="1.0" encoding="UTF-8"?>
<!-- Generated by org.testng.reporters.JUnitReportReporter -->
<testsuite hostname="DESKTOP-1FMBST9" failures="0" tests="2" name="TestCase.simple_Annotation" time="0.011" errors="0" timestamp="2022-05-18T22:21:47 IST" skipped="0">
  <testcase classname="TestCase.simple_Annotation" name="laptop2" time="0.001"/>
  <system-out/>
  <testcase classname="TestCase.simple_Annotation" name="laptop1" time="0.010"/>
  <system-out/>
</testsuite> <!-- TestCase.simple_Annotation -->
