<?xml version="1.0" encoding="UTF-8"?>
<!-- Generated by org.testng.reporters.JUnitReportReporter -->
<testsuite hostname="DESKTOP-1FMBST9" failures="0" tests="4" name="TestCase.Case_One" time="0.007" errors="0" timestamp="2022-05-17T21:14:33 IST" skipped="0">
  <testcase classname="TestCase.Case_One" name="firstTestCase" time="0.001"/>
  <system-out/>
  <testcase classname="TestCase.Case_One" name="secondTestCase" time="0.001"/>
  <system-out/>
  <testcase classname="TestCase.Case_One" name="thirdTestCase" time="0.002"/>
  <system-out/>
  <testcase classname="TestCase.Case_One" name="fourthTestCase" time="0.003"/>
  <system-out/>
</testsuite> <!-- TestCase.Case_One -->
