<?xml version="1.0" encoding="UTF-8"?>
<!-- Generated by org.testng.reporters.JUnitReportReporter -->
<testsuite hostname="DESKTOP-1FMBST9" failures="0" tests="3" name="TestCase.Depends_Methods" time="0.004" errors="0" timestamp="2022-05-17T21:14:33 IST" skipped="0">
  <testcase classname="TestCase.Depends_Methods" name="engineering" time="0.001"/>
  <system-out/>
  <testcase classname="TestCase.Depends_Methods" name="highSchool" time="0.002"/>
  <system-out/>
  <testcase classname="TestCase.Depends_Methods" name="higherSecondary" time="0.001"/>
  <system-out/>
</testsuite> <!-- TestCase.Depends_Methods -->
