<?xml version="1.0" encoding="UTF-8"?>
<!-- Generated by org.testng.reporters.JUnitReportReporter -->
<testsuite hostname="DESKTOP-1FMBST9" failures="0" tests="1" name="TestCase.paramerizationExample" time="0.011" errors="0" timestamp="2022-05-19T11:07:04 IST" skipped="0">
  <testcase classname="TestCase.paramerizationExample" name="printname" time="0.011"/>
  <system-out/>
</testsuite> <!-- TestCase.paramerizationExample -->
