<?xml version="1.0" encoding="UTF-8"?>
<!-- Generated by org.testng.reporters.JUnitReportReporter -->
<testsuite hostname="DESKTOP-1FMBST9" failures="0" tests="5" name="TestCase.Study" time="0.003" errors="0" timestamp="2022-05-16T22:57:02 IST" skipped="1">
  <testcase classname="TestCase.Study" name="fourthGear" time="0.001"/>
  <system-out/>
  <testcase classname="TestCase.Study" name="firstGear" time="0.000"/>
  <system-out/>
  <testcase classname="TestCase.Study" name="thirdGear" time="0.001"/>
  <system-out/>
  <testcase classname="TestCase.Study" name="startTheCar" time="0.001"/>
  <system-out/>
  <testcase classname="TestCase.Study" name="secondGear">
    <skipped/>
  </testcase> <!-- secondGear -->
  <system-out/>
</testsuite> <!-- TestCase.Study -->
