<?xml version="1.0" encoding="UTF-8"?>
<!-- Generated by org.testng.reporters.JUnitReportReporter -->
<testsuite hostname="DESKTOP-1FMBST9" failures="0" tests="2" name="TestCase.ParellelTesting" time="30.935" errors="0" timestamp="2022-05-18T22:58:12 IST" skipped="0">
  <testcase classname="TestCase.ParellelTesting" name="chromeBrowser" time="15.050"/>
  <system-out/>
  <testcase classname="TestCase.ParellelTesting" name="internetexplorer" time="15.885"/>
  <system-out/>
</testsuite> <!-- TestCase.ParellelTesting -->
