<?xml version="1.0" encoding="UTF-8"?>
<!-- Generated by org.testng.reporters.JUnitReportReporter -->
<testsuite hostname="DESKTOP-1FMBST9" failures="0" tests="15" name="TestCase.Invocation_Count" time="0.048" errors="0" timestamp="2022-05-18T22:36:21 IST" skipped="0">
  <testcase classname="TestCase.Invocation_Count" name="samsung1" time="0.019"/>
  <system-out/>
  <testcase classname="TestCase.Invocation_Count" name="samsung1" time="0.002"/>
  <system-out/>
  <testcase classname="TestCase.Invocation_Count" name="vivo2" time="0.002"/>
  <system-out/>
  <testcase classname="TestCase.Invocation_Count" name="samsung1" time="0.002"/>
  <system-out/>
  <testcase classname="TestCase.Invocation_Count" name="samsung1" time="0.002"/>
  <system-out/>
  <testcase classname="TestCase.Invocation_Count" name="samsung1" time="0.005"/>
  <system-out/>
  <testcase classname="TestCase.Invocation_Count" name="samsung1" time="0.002"/>
  <system-out/>
  <testcase classname="TestCase.Invocation_Count" name="vivo2" time="0.001"/>
  <system-out/>
  <testcase classname="TestCase.Invocation_Count" name="vivo2" time="0.004"/>
  <system-out/>
  <testcase classname="TestCase.Invocation_Count" name="vivo2" time="0.002"/>
  <system-out/>
  <testcase classname="TestCase.Invocation_Count" name="samsung1" time="0.002"/>
  <system-out/>
  <testcase classname="TestCase.Invocation_Count" name="samsung1" time="0.002"/>
  <system-out/>
  <testcase classname="TestCase.Invocation_Count" name="samsung1" time="0.001"/>
  <system-out/>
  <testcase classname="TestCase.Invocation_Count" name="samsung1" time="0.001"/>
  <system-out/>
  <testcase classname="TestCase.Invocation_Count" name="vivo2" time="0.001"/>
  <system-out/>
</testsuite> <!-- TestCase.Invocation_Count -->
