<?xml version="1.0" encoding="UTF-8"?>
<!-- Generated by org.testng.reporters.JUnitReportReporter -->
<testsuite hostname="DESKTOP-1FMBST9" failures="0" tests="6" name="TestCase.Groupin_Example" time="0.006" errors="0" timestamp="2022-05-17T21:14:33 IST" skipped="0">
  <testcase classname="TestCase.Groupin_Example" name="apple2" time="0.001"/>
  <system-out/>
  <testcase classname="TestCase.Groupin_Example" name="samsung2" time="0.001"/>
  <system-out/>
  <testcase classname="TestCase.Groupin_Example" name="apple1" time="0.001"/>
  <system-out/>
  <testcase classname="TestCase.Groupin_Example" name="samsung1" time="0.001"/>
  <system-out/>
  <testcase classname="TestCase.Groupin_Example" name="vivo2" time="0.001"/>
  <system-out/>
  <testcase classname="TestCase.Groupin_Example" name="vivo1" time="0.001"/>
  <system-out/>
</testsuite> <!-- TestCase.Groupin_Example -->
