<?xml version="1.0" encoding="UTF-8"?>
<!-- Generated by org.testng.reporters.JUnitReportReporter -->
<testsuite hostname="DESKTOP-1FMBST9" failures="0" tests="3" name="TestCase.Data_Provider" time="0.009" errors="0" timestamp="2022-05-22T10:10:07 IST" skipped="0">
  <testcase classname="TestCase.Data_Provider" name="logindata" time="0.001"/>
  <system-out/>
  <testcase classname="TestCase.Data_Provider" name="logindata" time="0.007"/>
  <system-out/>
  <testcase classname="TestCase.Data_Provider" name="logindata" time="0.001"/>
  <system-out/>
</testsuite> <!-- TestCase.Data_Provider -->
