<?xml version="1.0" encoding="UTF-8"?>
<!-- Generated by org.testng.reporters.JUnitReportReporter -->
<testsuite hostname="DESKTOP-1FMBST9" failures="0" tests="1" name="pomClass.FindBy_Annotation" time="20.121" errors="0" timestamp="2022-05-22T18:44:04 IST" skipped="0">
  <testcase classname="pomClass.FindBy_Annotation" name="login" time="20.121"/>
  <system-out/>
</testsuite> <!-- pomClass.FindBy_Annotation -->
